make all --print-data-base --no-builtin-variables --no-builtin-rules --question
# GNU Make 3.81
# Copyright (C) 2006  Free Software Foundation, Inc.
# This is free software; see the source for copying conditions.
# There is NO warranty; not even for MERCHANTABILITY or FITNESS FOR A
# PARTICULAR PURPOSE.

# This program built for i386-apple-darwin11.3.0

# Make data base, printed on Sat Oct 29 09:58:58 2022

# Variables

# automatic
<D = $(patsubst %/,%,$(dir $<))
# automatic
?F = $(notdir $?)
# automatic
?D = $(patsubst %/,%,$(dir $?))
# automatic
@D = $(patsubst %/,%,$(dir $@))
# automatic
@F = $(notdir $@)
# makefile
CURDIR := /Users/mbhotvaw/Mustafa/GeneralRepo/networks/beej
# makefile
SHELL = /bin/sh
# environment
VSCODE_NLS_CONFIG = {"locale":"en-us","availableLanguages":{},"_languagePackSupport":true}
# environment
_ = /usr/bin/make
# makefile (from `Makefile', line 1)
MAKEFILE_LIST :=  Makefile
# environment
__CFBundleIdentifier = com.microsoft.VSCode
# environment
INFOPATH = /opt/homebrew/share/info:
# environment
VSCODE_CWD = /
# environment
PATH = /opt/miniconda3/bin:/opt/miniconda3/condabin:/opt/homebrew/bin:/opt/homebrew/sbin:/usr/local/bin:/usr/bin:/bin:/usr/sbin:/sbin:/Library/TeX/texbin:/Applications/Visual Studio Code.app/Contents/Resources/app/bin
# environment
LSCOLORS = Gxfxcxdxbxegedabagacad
# environment
ELECTRON_RUN_AS_NODE = 1
# default
.FEATURES := target-specific order-only second-expansion else-if archives jobserver check-symlink
# environment
SSH_AUTH_SOCK = /private/tmp/com.apple.launchd.AAZX4RlXoq/Listeners
# automatic
%F = $(notdir $%)
# environment
CONDA_EXE = /opt/miniconda3/bin/conda
# environment
PWD = /Users/mbhotvaw/Mustafa/GeneralRepo/networks/beej
# environment
HOMEBREW_CELLAR = /opt/homebrew/Cellar
# environment
ORIGINAL_XDG_CURRENT_DESKTOP = undefined
# environment
MANPATH = /opt/homebrew/share/man::
# environment
VSCODE_AMD_ENTRYPOINT = vs/workbench/api/node/extensionHostProcess
# environment
HOME = /Users/mbhotvaw
# default
MAKEFILEPATH = $(shell /usr/bin/xcode-select -print-path 2>/dev/null || echo /Developer)/Makefiles
# environment
VSCODE_CODE_CACHE_PATH = /Users/mbhotvaw/Library/Application Support/Code/CachedData/784b0177c56c607789f9638da7b6bf3230d47a8c
# environment
LOGNAME = mbhotvaw
# environment
APPLICATION_INSIGHTS_NO_DIAGNOSTIC_CHANNEL = 1
# environment
CONDA_PROMPT_MODIFIER = (base) 
# environment
ZSH = /Users/mbhotvaw/.oh-my-zsh
# environment
VSCODE_HANDLES_UNCAUGHT_ERRORS = true
# automatic
^D = $(patsubst %/,%,$(dir $^))
# environment
CONDA_DEFAULT_ENV = base
# environment
XPC_FLAGS = 0x0
# default
MAKE = $(MAKE_COMMAND)
# default
MAKECMDGOALS := all
# environment
SHLVL = 1
# makefile (from `Makefile', line 5)
CCOPTS = -Wall -Wextra
# makefile (from `Makefile', line 4)
CC = gcc
# default
MAKE_VERSION := 3.81
# environment
USER = mbhotvaw
# makefile
.DEFAULT_GOAL := all
# environment
LESS = -R
# automatic
%D = $(patsubst %/,%,$(dir $%))
# environment
CONDA_SHLVL = 1
# default
MAKE_COMMAND := /Library/Developer/CommandLineTools/usr/bin/make
# default
.VARIABLES := 
# environment
TMPDIR = /var/folders/3p/n5d432fs255gp4n7hdtsgvd80000gn/T/
# automatic
*F = $(notdir $*)
# environment
VSCODE_IPC_HOOK = /Users/mbhotvaw/Library/Application Support/Code/1.71.0-main.sock
# makefile (from `Makefile', line 1)
TARGETS = broadcaster client getip ghbn ieee754 listener pack pack2 poll pollserver select selectserver server showip talker telnot
# environment
MallocNanoZone = 0
# makefile
MAKEFLAGS = Rrqp
# environment
MFLAGS = -Rrqp
# automatic
*D = $(patsubst %/,%,$(dir $*))
# environment
XPC_SERVICE_NAME = application.com.microsoft.VSCode.5716350.5716356
# environment
HOMEBREW_PREFIX = /opt/homebrew
# automatic
+D = $(patsubst %/,%,$(dir $+))
# automatic
+F = $(notdir $+)
# environment
HOMEBREW_REPOSITORY = /opt/homebrew
# environment
__CF_USER_TEXT_ENCODING = 0x1F5:0x0:0x0
# environment
COMMAND_MODE = unix2003
# default
MAKEFILES := 
# automatic
<F = $(notdir $<)
# environment
PAGER = less
# environment
LC_ALL = C
# environment
CONDA_PYTHON_EXE = /opt/miniconda3/bin/python
# automatic
^F = $(notdir $^)
# default
SUFFIXES := 
# environment
_CE_M = 
# environment
MAKELEVEL := 0
# environment
CONDA_PREFIX = /opt/miniconda3
# environment
VSCODE_PID = 59073
# environment
_CE_CONDA = 
# environment
LANG = C
# variable set hash-table stats:
# Load=77/1024=8%, Rehash=0, Collisions=2/105=2%

# Pattern-specific Variable Values

# No pattern-specific variable values.

# Directories

# . (device 16777232, inode 3312237): 38 files, 3 impossibilities.

# 38 files, 3 impossibilities in 1 directories.

# Implicit Rules

%: %.c
#  commands to execute (from `Makefile', line 17):
	$(CC) $(CCOPTS) -o $@ $<
	

# 1 implicit rules, 0 (0.0%) terminal.

# Files

# Not a target:
getip:
#  Implicit rule search has not been done.
#  Modification time never checked.
#  File has not been updated.

# Not a target:
talker:
#  Implicit rule search has not been done.
#  Modification time never checked.
#  File has not been updated.

# Not a target:
pack:
#  Implicit rule search has not been done.
#  Modification time never checked.
#  File has not been updated.

all: broadcaster client getip ghbn ieee754 listener pack pack2 poll pollserver select selectserver server showip talker telnot
#  Phony target (prerequisite of .PHONY).
#  Command-line target.
#  Implicit rule search has not been done.
#  File does not exist.
#  File has been updated.
#  Needs to be updated (-q is set).
# variable set hash-table stats:
# Load=0/32=0%, Rehash=0, Collisions=0/4=0%

client: client.c
#  Implicit rule search has been done.
#  Implicit/static pattern stem: `client'
#  Last modified 2022-08-24 23:59:44
#  File has been updated.
#  Needs to be updated (-q is set).
# automatic
# @ := client
# automatic
# % := 
# automatic
# * := client
# automatic
# + := client.c
# automatic
# | := 
# automatic
# < := client.c
# automatic
# ^ := client.c
# automatic
# ? := client.c
# variable set hash-table stats:
# Load=8/32=25%, Rehash=0, Collisions=1/14=7%
#  commands to execute (from `Makefile', line 17):
	$(CC) $(CCOPTS) -o $@ $<
	

# Not a target:
broadcaster.c:
#  Implicit rule search has been done.
#  Last modified 2021-01-28 12:13:25
#  File has been updated.
#  Successfully updated.
# variable set hash-table stats:
# Load=0/32=0%, Rehash=0, Collisions=0/0=0%

.PHONY: all clean pristine
#  Implicit rule search has not been done.
#  Modification time never checked.
#  File has not been updated.

# Not a target:
pollserver:
#  Implicit rule search has not been done.
#  Modification time never checked.
#  File has not been updated.

# Not a target:
listener:
#  Implicit rule search has not been done.
#  Modification time never checked.
#  File has not been updated.

# Not a target:
.SUFFIXES:
#  Implicit rule search has not been done.
#  Modification time never checked.
#  File has not been updated.

# Not a target:
ghbn:
#  Implicit rule search has not been done.
#  Modification time never checked.
#  File has not been updated.

# Not a target:
Makefile:
#  Implicit rule search has been done.
#  Last modified 2021-01-28 12:13:25
#  File has been updated.
#  Successfully updated.
# variable set hash-table stats:
# Load=0/32=0%, Rehash=0, Collisions=0/0=0%

# Not a target:
server:
#  Implicit rule search has not been done.
#  Modification time never checked.
#  File has not been updated.

# Not a target:
showip:
#  Implicit rule search has not been done.
#  Modification time never checked.
#  File has not been updated.

# Not a target:
select:
#  Implicit rule search has not been done.
#  Modification time never checked.
#  File has not been updated.

# Not a target:
pack2:
#  Implicit rule search has not been done.
#  Modification time never checked.
#  File has not been updated.

# Not a target:
client.c:
#  Implicit rule search has been done.
#  Last modified 2022-08-26 17:41:46
#  File has been updated.
#  Successfully updated.
# variable set hash-table stats:
# Load=0/32=0%, Rehash=0, Collisions=0/0=0%

# Not a target:
telnot:
#  Implicit rule search has not been done.
#  Modification time never checked.
#  File has not been updated.

# Not a target:
selectserver:
#  Implicit rule search has not been done.
 
#  Modification time never checked.
#  File has not been updated.

pristine: clean
#  Phony target (prerequisite of .PHONY).
#  Implicit rule search has not been done.
#  File does not exist.
#  File has not been updated.

# Not a target:
.DEFAULT:
#  Implicit rule search has not been done.
#  Modification time never checked.
#  File has not been updated.

# Not a target:
poll:
#  Implicit rule search has not been done.
#  Modification time never checked.
#  File has not been updated.

clean:
#  Phony target (prerequisite of .PHONY).
#  Implicit rule search has not been done.
#  File does not exist.
#  File has not been updated.
#  commands to execute (from `Makefile', line 12):
	rm -f $(TARGETS)
	

broadcaster: broadcaster.c
#  Implicit rule search has been done.
#  Implicit/static pattern stem: `broadcaster'
#  Last modified 2022-08-24 23:59:44
#  File has been updated.
#  Successfully updated.
# variable set hash-table stats:
# Load=0/32=0%, Rehash=0, Collisions=0/0=0%
#  commands to execute (from `Makefile', line 17):
	$(CC) $(CCOPTS) -o $@ $<
	

# Not a target:
ieee754:
#  Implicit rule search has not been done.
#  Modification time never checked.
#  File has not been updated.

# files hash-table stats:
# Load=25/1024=2%, Rehash=0, Collisions=3/70=4%
# VPATH Search Paths

# No `vpath' search paths.

# No general (`VPATH' variable) search path.

# # of strings in strcache: 1
# # of strcache buffers: 1
# strcache size: total = 4096 / max = 4096 / min = 4096 / avg = 4096
# strcache free: total = 4087 / max = 4087 / min = 4087 / avg = 4087

# Finished Make data base on Sat Oct 29 09:58:58 2022

 
